[2023-05-16 15:08:51] local.ERROR: SQLSTATE[HY000] [1045] Access denied for user 'root'@'localhost' (using password: NO) (Connection: mysql, SQL: select * from information_schema.tables where table_schema = ip_telephony and table_name = migrations and table_type = 'BASE TABLE') {"exception":"[object] (Illuminate\\Database\\QueryException(code: 1045): SQLSTATE[HY000] [1045] Access denied for user 'root'@'localhost' (using password: NO) (Connection: mysql, SQL: select * from information_schema.tables where table_schema = ip_telephony and table_name = migrations and table_type = 'BASE TABLE') at /home/khamis/Desktop/ip_telephony/vendor/laravel/framework/src/Illuminate/Database/Connection.php:793)
[stacktrace]
#0 /home/khamis/Desktop/ip_telephony/vendor/laravel/framework/src/Illuminate/Database/Connection.php(753): Illuminate\\Database\\Connection->runQueryCallback()
#1 /home/khamis/Desktop/ip_telephony/vendor/laravel/framework/src/Illuminate/Database/Connection.php(405): Illuminate\\Database\\Connection->run()
#2 /home/khamis/Desktop/ip_telephony/vendor/laravel/framework/src/Illuminate/Database/Connection.php(392): Illuminate\\Database\\Connection->select()
#3 /home/khamis/Desktop/ip_telephony/vendor/laravel/framework/src/Illuminate/Database/Schema/MySqlBuilder.php(43): Illuminate\\Database\\Connection->selectFromWriteConnection()
#4 /home/khamis/Desktop/ip_telephony/vendor/laravel/framework/src/Illuminate/Database/Migrations/DatabaseMigrationRepository.php(184): Illuminate\\Database\\Schema\\MySqlBuilder->hasTable()
#5 /home/khamis/Desktop/ip_telephony/vendor/laravel/framework/src/Illuminate/Database/Migrations/Migrator.php(700): Illuminate\\Database\\Migrations\\DatabaseMigrationRepository->repositoryExists()
#6 /home/khamis/Desktop/ip_telephony/vendor/laravel/framework/src/Illuminate/Database/Console/Migrations/MigrateCommand.php(138): Illuminate\\Database\\Migrations\\Migrator->repositoryExists()
#7 /home/khamis/Desktop/ip_telephony/vendor/laravel/framework/src/Illuminate/Support/helpers.php(248): Illuminate\\Database\\Console\\Migrations\\MigrateCommand->Illuminate\\Database\\Console\\Migrations\\{closure}()
#8 /home/khamis/Desktop/ip_telephony/vendor/laravel/framework/src/Illuminate/Database/Console/Migrations/MigrateCommand.php(138): retry()
#9 /home/khamis/Desktop/ip_telephony/vendor/laravel/framework/src/Illuminate/Database/Console/Migrations/MigrateCommand.php(114): Illuminate\\Database\\Console\\Migrations\\MigrateCommand->repositoryExists()
#10 /home/khamis/Desktop/ip_telephony/vendor/laravel/framework/src/Illuminate/Database/Console/Migrations/MigrateCommand.php(82): Illuminate\\Database\\Console\\Migrations\\MigrateCommand->prepareDatabase()
#11 /home/khamis/Desktop/ip_telephony/vendor/laravel/framework/src/Illuminate/Database/Migrations/Migrator.php(633): Illuminate\\Database\\Console\\Migrations\\MigrateCommand->Illuminate\\Database\\Console\\Migrations\\{closure}()
#12 /home/khamis/Desktop/ip_telephony/vendor/laravel/framework/src/Illuminate/Database/Console/Migrations/MigrateCommand.php(81): Illuminate\\Database\\Migrations\\Migrator->usingConnection()
#13 /home/khamis/Desktop/ip_telephony/vendor/laravel/framework/src/Illuminate/Container/BoundMethod.php(36): Illuminate\\Database\\Console\\Migrations\\MigrateCommand->handle()
#14 /home/khamis/Desktop/ip_telephony/vendor/laravel/framework/src/Illuminate/Container/Util.php(41): Illuminate\\Container\\BoundMethod::Illuminate\\Container\\{closure}()
#15 /home/khamis/Desktop/ip_telephony/vendor/laravel/framework/src/Illuminate/Container/BoundMethod.php(93): Illuminate\\Container\\Util::unwrapIfClosure()
#16 /home/khamis/Desktop/ip_telephony/vendor/laravel/framework/src/Illuminate/Container/BoundMethod.php(35): Illuminate\\Container\\BoundMethod::callBoundMethod()
#17 /home/khamis/Desktop/ip_telephony/vendor/laravel/framework/src/Illuminate/Container/Container.php(662): Illuminate\\Container\\BoundMethod::call()
#18 /home/khamis/Desktop/ip_telephony/vendor/laravel/framework/src/Illuminate/Console/Command.php(208): Illuminate\\Container\\Container->call()
#19 /home/khamis/Desktop/ip_telephony/vendor/symfony/console/Command/Command.php(312): Illuminate\\Console\\Command->execute()
#20 /home/khamis/Desktop/ip_telephony/vendor/laravel/framework/src/Illuminate/Console/Command.php(177): Symfony\\Component\\Console\\Command\\Command->run()
#21 /home/khamis/Desktop/ip_telephony/vendor/symfony/console/Application.php(1040): Illuminate\\Console\\Command->run()
#22 /home/khamis/Desktop/ip_telephony/vendor/symfony/console/Application.php(314): Symfony\\Component\\Console\\Application->doRunCommand()
#23 /home/khamis/Desktop/ip_telephony/vendor/symfony/console/Application.php(168): Symfony\\Component\\Console\\Application->doRun()
#24 /home/khamis/Desktop/ip_telephony/vendor/laravel/framework/src/Illuminate/Foundation/Console/Kernel.php(200): Symfony\\Component\\Console\\Application->run()
#25 /home/khamis/Desktop/ip_telephony/artisan(35): Illuminate\\Foundation\\Console\\Kernel->handle()
#26 {main}

[previous exception] [object] (PDOException(code: 1045): SQLSTATE[HY000] [1045] Access denied for user 'root'@'localhost' (using password: NO) at /home/khamis/Desktop/ip_telephony/vendor/laravel/framework/src/Illuminate/Database/Connectors/Connector.php:65)
[stacktrace]
#0 /home/khamis/Desktop/ip_telephony/vendor/laravel/framework/src/Illuminate/Database/Connectors/Connector.php(65): PDO->__construct()
#1 /home/khamis/Desktop/ip_telephony/vendor/laravel/framework/src/Illuminate/Database/Connectors/Connector.php(44): Illuminate\\Database\\Connectors\\Connector->createPdoConnection()
#2 /home/khamis/Desktop/ip_telephony/vendor/laravel/framework/src/Illuminate/Database/Connectors/MySqlConnector.php(24): Illuminate\\Database\\Connectors\\Connector->createConnection()
#3 /home/khamis/Desktop/ip_telephony/vendor/laravel/framework/src/Illuminate/Database/Connectors/ConnectionFactory.php(184): Illuminate\\Database\\Connectors\\MySqlConnector->connect()
#4 [internal function]: Illuminate\\Database\\Connectors\\ConnectionFactory->Illuminate\\Database\\Connectors\\{closure}()
#5 /home/khamis/Desktop/ip_telephony/vendor/laravel/framework/src/Illuminate/Database/Connection.php(1210): call_user_func()
#6 /home/khamis/Desktop/ip_telephony/vendor/laravel/framework/src/Illuminate/Database/Connection.php(519): Illuminate\\Database\\Connection->getPdo()
#7 /home/khamis/Desktop/ip_telephony/vendor/laravel/framework/src/Illuminate/Database/Connection.php(414): Illuminate\\Database\\Connection->getPdoForSelect()
#8 /home/khamis/Desktop/ip_telephony/vendor/laravel/framework/src/Illuminate/Database/Connection.php(786): Illuminate\\Database\\Connection->Illuminate\\Database\\{closure}()
#9 /home/khamis/Desktop/ip_telephony/vendor/laravel/framework/src/Illuminate/Database/Connection.php(753): Illuminate\\Database\\Connection->runQueryCallback()
#10 /home/khamis/Desktop/ip_telephony/vendor/laravel/framework/src/Illuminate/Database/Connection.php(405): Illuminate\\Database\\Connection->run()
#11 /home/khamis/Desktop/ip_telephony/vendor/laravel/framework/src/Illuminate/Database/Connection.php(392): Illuminate\\Database\\Connection->select()
#12 /home/khamis/Desktop/ip_telephony/vendor/laravel/framework/src/Illuminate/Database/Schema/MySqlBuilder.php(43): Illuminate\\Database\\Connection->selectFromWriteConnection()
#13 /home/khamis/Desktop/ip_telephony/vendor/laravel/framework/src/Illuminate/Database/Migrations/DatabaseMigrationRepository.php(184): Illuminate\\Database\\Schema\\MySqlBuilder->hasTable()
#14 /home/khamis/Desktop/ip_telephony/vendor/laravel/framework/src/Illuminate/Database/Migrations/Migrator.php(700): Illuminate\\Database\\Migrations\\DatabaseMigrationRepository->repositoryExists()
#15 /home/khamis/Desktop/ip_telephony/vendor/laravel/framework/src/Illuminate/Database/Console/Migrations/MigrateCommand.php(138): Illuminate\\Database\\Migrations\\Migrator->repositoryExists()
#16 /home/khamis/Desktop/ip_telephony/vendor/laravel/framework/src/Illuminate/Support/helpers.php(248): Illuminate\\Database\\Console\\Migrations\\MigrateCommand->Illuminate\\Database\\Console\\Migrations\\{closure}()
#17 /home/khamis/Desktop/ip_telephony/vendor/laravel/framework/src/Illuminate/Database/Console/Migrations/MigrateCommand.php(138): retry()
#18 /home/khamis/Desktop/ip_telephony/vendor/laravel/framework/src/Illuminate/Database/Console/Migrations/MigrateCommand.php(114): Illuminate\\Database\\Console\\Migrations\\MigrateCommand->repositoryExists()
#19 /home/khamis/Desktop/ip_telephony/vendor/laravel/framework/src/Illuminate/Database/Console/Migrations/MigrateCommand.php(82): Illuminate\\Database\\Console\\Migrations\\MigrateCommand->prepareDatabase()
#20 /home/khamis/Desktop/ip_telephony/vendor/laravel/framework/src/Illuminate/Database/Migrations/Migrator.php(633): Illuminate\\Database\\Console\\Migrations\\MigrateCommand->Illuminate\\Database\\Console\\Migrations\\{closure}()
#21 /home/khamis/Desktop/ip_telephony/vendor/laravel/framework/src/Illuminate/Database/Console/Migrations/MigrateCommand.php(81): Illuminate\\Database\\Migrations\\Migrator->usingConnection()
#22 /home/khamis/Desktop/ip_telephony/vendor/laravel/framework/src/Illuminate/Container/BoundMethod.php(36): Illuminate\\Database\\Console\\Migrations\\MigrateCommand->handle()
#23 /home/khamis/Desktop/ip_telephony/vendor/laravel/framework/src/Illuminate/Container/Util.php(41): Illuminate\\Container\\BoundMethod::Illuminate\\Container\\{closure}()
#24 /home/khamis/Desktop/ip_telephony/vendor/laravel/framework/src/Illuminate/Container/BoundMethod.php(93): Illuminate\\Container\\Util::unwrapIfClosure()
#25 /home/khamis/Desktop/ip_telephony/vendor/laravel/framework/src/Illuminate/Container/BoundMethod.php(35): Illuminate\\Container\\BoundMethod::callBoundMethod()
#26 /home/khamis/Desktop/ip_telephony/vendor/laravel/framework/src/Illuminate/Container/Container.php(662): Illuminate\\Container\\BoundMethod::call()
#27 /home/khamis/Desktop/ip_telephony/vendor/laravel/framework/src/Illuminate/Console/Command.php(208): Illuminate\\Container\\Container->call()
#28 /home/khamis/Desktop/ip_telephony/vendor/symfony/console/Command/Command.php(312): Illuminate\\Console\\Command->execute()
#29 /home/khamis/Desktop/ip_telephony/vendor/laravel/framework/src/Illuminate/Console/Command.php(177): Symfony\\Component\\Console\\Command\\Command->run()
#30 /home/khamis/Desktop/ip_telephony/vendor/symfony/console/Application.php(1040): Illuminate\\Console\\Command->run()
#31 /home/khamis/Desktop/ip_telephony/vendor/symfony/console/Application.php(314): Symfony\\Component\\Console\\Application->doRunCommand()
#32 /home/khamis/Desktop/ip_telephony/vendor/symfony/console/Application.php(168): Symfony\\Component\\Console\\Application->doRun()
#33 /home/khamis/Desktop/ip_telephony/vendor/laravel/framework/src/Illuminate/Foundation/Console/Kernel.php(200): Symfony\\Component\\Console\\Application->run()
#34 /home/khamis/Desktop/ip_telephony/artisan(35): Illuminate\\Foundation\\Console\\Kernel->handle()
#35 {main}
"} 
